--2022-10-12 07:08:22--  https://v2.nl/archive/works/
Resolving v2.nl (v2.nl)... 63.35.165.230
Connecting to v2.nl (v2.nl)|63.35.165.230|:443... connected.
HTTP request sent, awaiting response... 200 OK
Length: 53044 (52K) [text/html]
Saving to: ‘v2.nl/archive/works/index.html’

     0K .......... .......... .......... .......... .......... 96% 2.51M 0s
    50K .                                                     100% 3.35T=0.02s

2022-10-12 07:08:27 (2.60 MB/s) - ‘v2.nl/archive/works/index.html’ saved [53044/53044]

Loading robots.txt; please ignore errors.
--2022-10-12 07:08:27--  https://v2.nl/robots.txt
Reusing existing connection to v2.nl:443.
HTTP request sent, awaiting response... 200 OK
Length: 549 [text/plain]
Saving to: ‘v2.nl/robots.txt’

     0K                                                       100% 5.03M=0s

2022-10-12 07:08:27 (5.03 MB/s) - ‘v2.nl/robots.txt’ saved [549/549]

--2022-10-12 07:08:27--  https://v2.nl/archive/works/2b-sorry-we-missed-you
Reusing existing connection to v2.nl:443.
HTTP request sent, awaiting response... 200 OK
Length: 47279 (46K) [text/html]
Saving to: ‘v2.nl/archive/works/2b-sorry-we-missed-you.html’

     0K .......... .......... .......... .......... ......    100% 2.81M=0.02s

2022-10-12 07:08:27 (2.81 MB/s) - ‘v2.nl/archive/works/2b-sorry-we-missed-you.html’ saved [47279/47279]

--2022-10-12 07:08:27--  https://v2.nl/archive/works/food-forest-fantasies
Reusing existing connection to v2.nl:443.
HTTP request sent, awaiting response... 200 OK
Length: 55403 (54K) [text/html]
Saving to: ‘v2.nl/archive/works/food-forest-fantasies.html’

     0K .......... .......... .......... .......... .......... 92% 2.85M 0s
    50K ....                                                  100% 7.65T=0.02s

2022-10-12 07:08:27 (3.09 MB/s) - ‘v2.nl/archive/works/food-forest-fantasies.html’ saved [55403/55403]

--2022-10-12 07:08:27--  https://v2.nl/archive/works/immortal-game
Reusing existing connection to v2.nl:443.
HTTP request sent, awaiting response... 200 OK
Length: 45743 (45K) [text/html]
Saving to: ‘v2.nl/archive/works/immortal-game.html’

     0K .......... .......... .......... .......... ....      100% 8.50M=0.005s

2022-10-12 07:08:28 (8.50 MB/s) - ‘v2.nl/archive/works/immortal-game.html’ saved [45743/45743]

--2022-10-12 07:08:28--  https://v2.nl/archive/works/capturing-unstable-media
Reusing existing connection to v2.nl:443.
HTTP request sent, awaiting response... 200 OK
Length: 56734 (55K) [text/html]
Saving to: ‘v2.nl/archive/works/capturing-unstable-media.html’

     0K .......... .......... .......... .......... .......... 90% 2.12M 0s
    50K .....                                                 100% 10.1T=0.02s

2022-10-12 07:08:28 (2.35 MB/s) - ‘v2.nl/archive/works/capturing-unstable-media.html’ saved [56734/56734]

--2022-10-12 07:08:28--  https://v2.nl/archive/works/brug
Reusing existing connection to v2.nl:443.
HTTP request sent, awaiting response... 200 OK
Length: 42668 (42K) [text/html]
Saving to: ‘v2.nl/archive/works/brug.html’

     0K .......... .......... .......... .......... .         100% 58.9M=0.001s

2022-10-12 07:08:28 (58.9 MB/s) - ‘v2.nl/archive/works/brug.html’ saved [42668/42668]

--2022-10-12 07:08:28--  https://v2.nl/archive/works/of-all-places-the-best-nights-were-found-in-the-garden-of-old-ladies
Reusing existing connection to v2.nl:443.
HTTP request sent, awaiting response... 200 OK
Length: 45104 (44K) [text/html]
Saving to: ‘v2.nl/archive/works/of-all-places-the-best-nights-were-found-in-the-garden-of-old-ladies.html’

     0K .......... .......... .......... .......... ....      100% 59.0M=0.001s

2022-10-12 07:08:28 (59.0 MB/s) - ‘v2.nl/archive/works/of-all-places-the-best-nights-were-found-in-the-garden-of-old-ladies.html’ saved [45104/45104]

--2022-10-12 07:08:28--  https://v2.nl/archive/works/does-the-sun-shine-in-argentina
Reusing existing connection to v2.nl:443.
HTTP request sent, awaiting response... 200 OK
Length: 47174 (46K) [text/html]
Saving to: ‘v2.nl/archive/works/does-the-sun-shine-in-argentina.html’

     0K .......... .......... .......... .......... ......    100% 13.3M=0.003s

2022-10-12 07:08:28 (13.3 MB/s) - ‘v2.nl/archive/works/does-the-sun-shine-in-argentina.html’ saved [47174/47174]

--2022-10-12 07:08:28--  https://v2.nl/archive/works/residual-light-beneath-the-floating-land
Reusing existing connection to v2.nl:443.
HTTP request sent, awaiting response... 200 OK
Length: 44714 (44K) [text/html]
Saving to: ‘v2.nl/archive/works/residual-light-beneath-the-floating-land.html’

     0K .......... .......... .......... .......... ...       100% 24.4M=0.002s

2022-10-12 07:08:28 (24.4 MB/s) - ‘v2.nl/archive/works/residual-light-beneath-the-floating-land.html’ saved [44714/44714]

--2022-10-12 07:08:28--  https://v2.nl/archive/works/rixt-van-t-oerd
Reusing existing connection to v2.nl:443.
HTTP request sent, awaiting response... 200 OK
Length: 46122 (45K) [text/html]
Saving to: ‘v2.nl/archive/works/rixt-van-t-oerd.html’

     0K .......... .......... .......... .......... .....     100% 39.3M=0.001s

2022-10-12 07:08:28 (39.3 MB/s) - ‘v2.nl/archive/works/rixt-van-t-oerd.html’ saved [46122/46122]

--2022-10-12 07:08:28--  https://v2.nl/archive/works/slices-of-dust
Reusing existing connection to v2.nl:443.
HTTP request sent, awaiting response... 200 OK
Length: 43741 (43K) [text/html]
Saving to: ‘v2.nl/archive/works/slices-of-dust.html’

     0K .......... .......... .......... .......... ..        100% 38.3M=0.001s

2022-10-12 07:08:28 (38.3 MB/s) - ‘v2.nl/archive/works/slices-of-dust.html’ saved [43741/43741]

--2022-10-12 07:08:28--  https://v2.nl/archive/works/garden-title-pending
Reusing existing connection to v2.nl:443.
HTTP request sent, awaiting response... 200 OK
Length: 44102 (43K) [text/html]
Saving to: ‘v2.nl/archive/works/garden-title-pending.html’

     0K .......... .......... .......... .......... ...       100% 25.9M=0.002s

2022-10-12 07:08:28 (25.9 MB/s) - ‘v2.nl/archive/works/garden-title-pending.html’ saved [44102/44102]

--2022-10-12 07:08:28--  https://v2.nl/archive/works/on-a-small-island-in-a-big-island
Reusing existing connection to v2.nl:443.
HTTP request sent, awaiting response... 200 OK
Length: 46254 (45K) [text/html]
Saving to: ‘v2.nl/archive/works/on-a-small-island-in-a-big-island.html’

     0K .......... .......... .......... .......... .....     100% 45.3M=0.001s

2022-10-12 07:08:28 (45.3 MB/s) - ‘v2.nl/archive/works/on-a-small-island-in-a-big-island.html’ saved [46254/46254]

--2022-10-12 07:08:28--  https://v2.nl/archive/works/three-works
Reusing existing connection to v2.nl:443.
HTTP request sent, awaiting response... 200 OK
Length: 45988 (45K) [text/html]
Saving to: ‘v2.nl/archive/works/three-works.html’

     0K .......... .......... .......... .......... ....      100% 46.4M=0.001s

2022-10-12 07:08:28 (46.4 MB/s) - ‘v2.nl/archive/works/three-works.html’ saved [45988/45988]

--2022-10-12 07:08:28--  https://v2.nl/archive/works/untitled-single-channel-video
Reusing existing connection to v2.nl:443.
HTTP request sent, awaiting response... 200 OK
Length: 46282 (45K) [text/html]
Saving to: ‘v2.nl/archive/works/untitled-single-channel-video.html’

     0K .......... .......... .......... .......... .....     100% 65.1M=0.001s

2022-10-12 07:08:28 (65.1 MB/s) - ‘v2.nl/archive/works/untitled-single-channel-video.html’ saved [46282/46282]

--2022-10-12 07:08:28--  https://v2.nl/archive/works/mountains-title-pending
Reusing existing connection to v2.nl:443.
HTTP request sent, awaiting response... 200 OK
Length: 44693 (44K) [text/html]
Saving to: ‘v2.nl/archive/works/mountains-title-pending.html’

     0K .......... .......... .......... .......... ...       100% 55.9M=0.001s

2022-10-12 07:08:28 (55.9 MB/s) - ‘v2.nl/archive/works/mountains-title-pending.html’ saved [44693/44693]

--2022-10-12 07:08:28--  https://v2.nl/archive/works/station-de-stroming
Reusing existing connection to v2.nl:443.
HTTP request sent, awaiting response... 200 OK
Length: 43631 (43K) [text/html]
Saving to: ‘v2.nl/archive/works/station-de-stroming.html’

     0K .......... .......... .......... .......... ..        100% 41.2M=0.001s

2022-10-12 07:08:28 (41.2 MB/s) - ‘v2.nl/archive/works/station-de-stroming.html’ saved [43631/43631]

--2022-10-12 07:08:28--  https://v2.nl/archive/works/the-in-between
Reusing existing connection to v2.nl:443.
HTTP request sent, awaiting response... 200 OK
Length: 46555 (45K) [text/html]
Saving to: ‘v2.nl/archive/works/the-in-between.html’

     0K .......... .......... .......... .......... .....     100% 54.1M=0.001s

2022-10-12 07:08:28 (54.1 MB/s) - ‘v2.nl/archive/works/the-in-between.html’ saved [46555/46555]

--2022-10-12 07:08:28--  https://v2.nl/archive/works/climate-archive
Reusing existing connection to v2.nl:443.
HTTP request sent, awaiting response... 200 OK
Length: 46237 (45K) [text/html]
Saving to: ‘v2.nl/archive/works/climate-archive.html’

     0K .......... .......... .......... .......... .....     100% 35.7M=0.001s

2022-10-12 07:08:28 (35.7 MB/s) - ‘v2.nl/archive/works/climate-archive.html’ saved [46237/46237]

--2022-10-12 07:08:28--  https://v2.nl/archive/works/dissolution-reconstitution-sediment-as-cultural-heritage
Reusing existing connection to v2.nl:443.
HTTP request sent, awaiting response... 200 OK
Length: 54037 (53K) [text/html]
Saving to: ‘v2.nl/archive/works/dissolution-reconstitution-sediment-as-cultural-heritage.html’

     0K .......... .......... .......... .......... .......... 94% 2.40M 0s
    50K ..                                                    100% 5.16T=0.02s

2022-10-12 07:08:28 (2.54 MB/s) - ‘v2.nl/archive/works/dissolution-reconstitution-sediment-as-cultural-heritage.html’ saved [54037/54037]

--2022-10-12 07:08:28--  https://v2.nl/archive/works/drop
Reusing existing connection to v2.nl:443.
HTTP request sent, awaiting response... 200 OK
Length: 44916 (44K) [text/html]
Saving to: ‘v2.nl/archive/works/drop.html’

     0K .......... .......... .......... .......... ...       100% 35.2M=0.001s

2022-10-12 07:08:29 (35.2 MB/s) - ‘v2.nl/archive/works/drop.html’ saved [44916/44916]

--2022-10-12 07:08:29--  https://v2.nl/archive/works/?b_start:int=20
Reusing existing connection to v2.nl:443.
HTTP request sent, awaiting response... 200 OK
Length: 52210 (51K) [text/html]
Saving to: ‘v2.nl/archive/works/index.html?b_start:int=20.html’

     0K .......... .......... .......... .......... .......... 98% 21.8M 0s
    50K                                                       100% 1.84T=0.002s

2022-10-12 07:08:29 (22.2 MB/s) - ‘v2.nl/archive/works/index.html?b_start:int=20.html’ saved [52210/52210]

--2022-10-12 07:08:29--  https://v2.nl/archive/works/?b_start:int=40
Reusing existing connection to v2.nl:443.
HTTP request sent, awaiting response... 200 OK
Length: 53850 (53K) [text/html]
Saving to: ‘v2.nl/archive/works/index.html?b_start:int=40.html’

     0K .......... .......... .......... .......... .......... 95% 52.4M 0s
    50K ..                                                    100% 4.82T=0.001s

2022-10-12 07:08:29 (55.1 MB/s) - ‘v2.nl/archive/works/index.html?b_start:int=40.html’ saved [53850/53850]

--2022-10-12 07:08:29--  https://v2.nl/archive/works/?b_start:int=60
Reusing existing connection to v2.nl:443.
HTTP request sent, awaiting response... 200 OK
Length: 53365 (52K) [text/html]
Saving to: ‘v2.nl/archive/works/index.html?b_start:int=60.html’

     0K .......... .......... .......... .......... .......... 95% 34.0M 0s
    50K ..                                                    100% 3.94T=0.001s

2022-10-12 07:08:29 (35.5 MB/s) - ‘v2.nl/archive/works/index.html?b_start:int=60.html’ saved [53365/53365]

--2022-10-12 07:08:29--  https://v2.nl/archive/works/?b_start:int=1000
Reusing existing connection to v2.nl:443.
HTTP request sent, awaiting response... 200 OK
Length: 40075 (39K) [text/html]
Saving to: ‘v2.nl/archive/works/index.html?b_start:int=1000.html’

     0K .......... .......... .......... .........            100% 25.3M=0.002s

2022-10-12 07:08:29 (25.3 MB/s) - ‘v2.nl/archive/works/index.html?b_start:int=1000.html’ saved [40075/40075]

--2022-10-12 07:08:29--  https://v2.nl/archive/works/aggregator/RSS
Reusing existing connection to v2.nl:443.
HTTP request sent, awaiting response... 200 OK
Length: 37007 (36K) [text/xml]
Saving to: ‘v2.nl/archive/works/aggregator/RSS’

     0K .......... .......... .......... ......               100% 39.7M=0.001s

2022-10-12 07:08:29 (39.7 MB/s) - ‘v2.nl/archive/works/aggregator/RSS’ saved [37007/37007]

--2022-10-12 07:08:29--  https://v2.nl/archive/works/aggregator/sendto_form
Reusing existing connection to v2.nl:443.
HTTP request sent, awaiting response... 200 OK
Length: 27547 (27K) [text/html]
Saving to: ‘v2.nl/archive/works/aggregator/sendto_form.html’

     0K .......... .......... ......                          100% 33.2M=0.001s

2022-10-12 07:08:29 (33.2 MB/s) - ‘v2.nl/archive/works/aggregator/sendto_form.html’ saved [27547/27547]

--2022-10-12 07:08:29--  https://v2.nl/archive/works/organization/contact
Reusing existing connection to v2.nl:443.
HTTP request sent, awaiting response... 200 OK
Length: 33212 (32K) [text/html]
Saving to: ‘v2.nl/archive/works/organization/contact.html’

     0K .......... .......... .......... ..                   100% 52.3M=0.001s

2022-10-12 07:08:29 (52.3 MB/s) - ‘v2.nl/archive/works/organization/contact.html’ saved [33212/33212]

--2022-10-12 07:08:29--  https://v2.nl/archive/works/2b-sorry-we-missed-you/leadImage/image_view_fullscreen
Reusing existing connection to v2.nl:443.
HTTP request sent, awaiting response... 200 OK
Length: 1140 (1.1K) [text/html]
Saving to: ‘v2.nl/archive/works/2b-sorry-we-missed-you/leadImage/image_view_fullscreen.html’

     0K .                                                     100% 10.8M=0s

2022-10-12 07:08:29 (10.8 MB/s) - ‘v2.nl/archive/works/2b-sorry-we-missed-you/leadImage/image_view_fullscreen.html’ saved [1140/1140]

--2022-10-12 07:08:29--  https://v2.nl/archive/works/2b-sorry-we-missed-you/sendto_form
Reusing existing connection to v2.nl:443.
HTTP request sent, awaiting response... 200 OK
Length: 36514 (36K) [text/html]
Saving to: ‘v2.nl/archive/works/2b-sorry-we-missed-you/sendto_form.html’

     0K .......... .......... .......... .....                100% 40.0M=0.001s

2022-10-12 07:08:29 (40.0 MB/s) - ‘v2.nl/archive/works/2b-sorry-we-missed-you/sendto_form.html’ saved [36514/36514]

--2022-10-12 07:08:29--  https://v2.nl/archive/works/food-forest-fantasies/sendto_form
Reusing existing connection to v2.nl:443.
HTTP request sent, awaiting response... 200 OK
Length: 37019 (36K) [text/html]
Saving to: ‘v2.nl/archive/works/food-forest-fantasies/sendto_form.html’

     0K .......... .......... .......... ......               100% 33.8M=0.001s

2022-10-12 07:08:30 (33.8 MB/s) - ‘v2.nl/archive/works/food-forest-fantasies/sendto_form.html’ saved [37019/37019]

--2022-10-12 07:08:30--  https://v2.nl/archive/works/immortal-game/sendto_form
Reusing existing connection to v2.nl:443.
HTTP request sent, awaiting response... 200 OK
Length: 36526 (36K) [text/html]
Saving to: ‘v2.nl/archive/works/immortal-game/sendto_form.html’

     0K .......... .......... .......... .....                100% 49.1M=0.001s

2022-10-12 07:08:30 (49.1 MB/s) - ‘v2.nl/archive/works/immortal-game/sendto_form.html’ saved [36526/36526]

--2022-10-12 07:08:30--  https://v2.nl/archive/works/capturing-unstable-media/leadImage/image_view_fullscreen
Reusing existing connection to v2.nl:443.
HTTP request sent, awaiting response... 200 OK
Length: 1143 (1.1K) [text/html]
Saving to: ‘v2.nl/archive/works/capturing-unstable-media/leadImage/image_view_fullscreen.html’

     0K .                                                     100% 8.91M=0s

2022-10-12 07:08:30 (8.91 MB/s) - ‘v2.nl/archive/works/capturing-unstable-media/leadImage/image_view_fullscreen.html’ saved [1143/1143]

--2022-10-12 07:08:30--  https://v2.nl/archive/works/capturing-unstable-media/sendto_form
Reusing existing connection to v2.nl:443.
HTTP request sent, awaiting response... 200 OK
Length: 35821 (35K) [text/html]
Saving to: ‘v2.nl/archive/works/capturing-unstable-media/sendto_form.html’

     0K .......... .......... .......... ....                 100% 23.1M=0.001s

2022-10-12 07:08:30 (23.1 MB/s) - ‘v2.nl/archive/works/capturing-unstable-media/sendto_form.html’ saved [35821/35821]

--2022-10-12 07:08:30--  https://v2.nl/archive/works/brug/sendto_form
Reusing existing connection to v2.nl:443.
HTTP request sent, awaiting response... 200 OK
Length: 36275 (35K) [text/html]
Saving to: ‘v2.nl/archive/works/brug/sendto_form.html’

     0K .......... .......... .......... .....                100% 37.1M=0.001s

2022-10-12 07:08:30 (37.1 MB/s) - ‘v2.nl/archive/works/brug/sendto_form.html’ saved [36275/36275]

--2022-10-12 07:08:30--  https://v2.nl/archive/works/of-all-places-the-best-nights-were-found-in-the-garden-of-old-ladies/leadImage/image_view_fullscreen
Reusing existing connection to v2.nl:443.
HTTP request sent, awaiting response... 200 OK
Length: 1365 (1.3K) [text/html]
Saving to: ‘v2.nl/archive/works/of-all-places-the-best-nights-were-found-in-the-garden-of-old-ladies/leadImage/image_view_fullscreen.html’

     0K .                                                     100% 7.18M=0s

2022-10-12 07:08:30 (7.18 MB/s) - ‘v2.nl/archive/works/of-all-places-the-best-nights-were-found-in-the-garden-of-old-ladies/leadImage/image_view_fullscreen.html’ saved [1365/1365]

--2022-10-12 07:08:30--  https://v2.nl/archive/works/of-all-places-the-best-nights-were-found-in-the-garden-of-old-ladies/sendto_form
Reusing existing connection to v2.nl:443.
HTTP request sent, awaiting response... 200 OK
Length: 37354 (36K) [text/html]
Saving to: ‘v2.nl/archive/works/of-all-places-the-best-nights-were-found-in-the-garden-of-old-ladies/sendto_form.html’

     0K .......... .......... .......... ......               100% 41.3M=0.001s

2022-10-12 07:08:30 (41.3 MB/s) - ‘v2.nl/archive/works/of-all-places-the-best-nights-were-found-in-the-garden-of-old-ladies/sendto_form.html’ saved [37354/37354]

--2022-10-12 07:08:30--  https://v2.nl/archive/works/does-the-sun-shine-in-argentina/leadImage/image_view_fullscreen
Reusing existing connection to v2.nl:443.
HTTP request sent, awaiting response... 200 OK
Length: 1181 (1.2K) [text/html]
Saving to: ‘v2.nl/archive/works/does-the-sun-shine-in-argentina/leadImage/image_view_fullscreen.html’

     0K .                                                     100% 12.5M=0s

2022-10-12 07:08:30 (12.5 MB/s) - ‘v2.nl/archive/works/does-the-sun-shine-in-argentina/leadImage/image_view_fullscreen.html’ saved [1181/1181]

--2022-10-12 07:08:30--  https://v2.nl/archive/works/does-the-sun-shine-in-argentina/sendto_form
Reusing existing connection to v2.nl:443.
HTTP request sent, awaiting response... 200 OK
Length: 36662 (36K) [text/html]
Saving to: ‘v2.nl/archive/works/does-the-sun-shine-in-argentina/sendto_form.html’

     0K .......... .......... .......... .....                100% 38.5M=0.001s

2022-10-12 07:08:31 (38.5 MB/s) - ‘v2.nl/archive/works/does-the-sun-shine-in-argentina/sendto_form.html’ saved [36662/36662]

--2022-10-12 07:08:31--  https://v2.nl/archive/works/residual-light-beneath-the-floating-land/leadImage/image_view_fullscreen
Reusing existing connection to v2.nl:443.
HTTP request sent, awaiting response... 200 OK
Length: 1230 (1.2K) [text/html]
Saving to: ‘v2.nl/archive/works/residual-light-beneath-the-floating-land/leadImage/image_view_fullscreen.html’

     0K .                                                     100% 9.61M=0s

2022-10-12 07:08:31 (9.61 MB/s) - ‘v2.nl/archive/works/residual-light-beneath-the-floating-land/leadImage/image_view_fullscreen.html’ saved [1230/1230]

--2022-10-12 07:08:31--  https://v2.nl/archive/works/residual-light-beneath-the-floating-land/sendto_form
Reusing existing connection to v2.nl:443.
HTTP request sent, awaiting response... 200 OK
Length: 36746 (36K) [text/html]
Saving to: ‘v2.nl/archive/works/residual-light-beneath-the-floating-land/sendto_form.html’

     0K .......... .......... .......... .....                100% 43.7M=0.001s

2022-10-12 07:08:31 (43.7 MB/s) - ‘v2.nl/archive/works/residual-light-beneath-the-floating-land/sendto_form.html’ saved [36746/36746]

--2022-10-12 07:08:31--  https://v2.nl/archive/works/rixt-van-t-oerd/leadImage/image_view_fullscreen
Reusing existing connection to v2.nl:443.
HTTP request sent, awaiting response... 200 OK
Length: 1101 (1.1K) [text/html]
Saving to: ‘v2.nl/archive/works/rixt-van-t-oerd/leadImage/image_view_fullscreen.html’

     0K .                                                     100% 11.1M=0s

2022-10-12 07:08:31 (11.1 MB/s) - ‘v2.nl/archive/works/rixt-van-t-oerd/leadImage/image_view_fullscreen.html’ saved [1101/1101]

--2022-10-12 07:08:31--  https://v2.nl/archive/works/rixt-van-t-oerd/sendto_form
Reusing existing connection to v2.nl:443.
HTTP request sent, awaiting response... 200 OK
Length: 36326 (35K) [text/html]
Saving to: ‘v2.nl/archive/works/rixt-van-t-oerd/sendto_form.html’

     0K .......... .......... .......... .....                100% 39.6M=0.001s

2022-10-12 07:08:31 (39.6 MB/s) - ‘v2.nl/archive/works/rixt-van-t-oerd/sendto_form.html’ saved [36326/36326]

--2022-10-12 07:08:31--  https://v2.nl/archive/works/slices-of-dust/leadImage/image_view_fullscreen
Reusing existing connection to v2.nl:443.
HTTP request sent, awaiting response... 200 OK
Length: 1094 (1.1K) [text/html]
Saving to: ‘v2.nl/archive/works/slices-of-dust/leadImage/image_view_fullscreen.html’

     0K .                                                     100% 7.83M=0s

2022-10-12 07:08:31 (7.83 MB/s) - ‘v2.nl/archive/works/slices-of-dust/leadImage/image_view_fullscreen.html’ saved [1094/1094]

--2022-10-12 07:08:31--  https://v2.nl/archive/works/slices-of-dust/sendto_form
Reusing existing connection to v2.nl:443.
HTTP request sent, awaiting response... 200 OK
Length: 36495 (36K) [text/html]
Saving to: ‘v2.nl/archive/works/slices-of-dust/sendto_form.html’

     0K .......... .......... .......... .....                100% 46.1M=0.001s

2022-10-12 07:08:31 (46.1 MB/s) - ‘v2.nl/archive/works/slices-of-dust/sendto_form.html’ saved [36495/36495]

--2022-10-12 07:08:31--  https://v2.nl/archive/works/garden-title-pending/leadImage/image_view_fullscreen
Reusing existing connection to v2.nl:443.
HTTP request sent, awaiting response... 200 OK
Length: 1156 (1.1K) [text/html]
Saving to: ‘v2.nl/archive/works/garden-title-pending/leadImage/image_view_fullscreen.html’

     0K .                                                     100% 10.2M=0s

2022-10-12 07:08:31 (10.2 MB/s) - ‘v2.nl/archive/works/garden-title-pending/leadImage/image_view_fullscreen.html’ saved [1156/1156]

--2022-10-12 07:08:31--  https://v2.nl/archive/works/garden-title-pending/sendto_form
Reusing existing connection to v2.nl:443.
HTTP request sent, awaiting response... 200 OK
Length: 36642 (36K) [text/html]
Saving to: ‘v2.nl/archive/works/garden-title-pending/sendto_form.html’

     0K .......... .......... .......... .....                100% 47.4M=0.001s

2022-10-12 07:08:32 (47.4 MB/s) - ‘v2.nl/archive/works/garden-title-pending/sendto_form.html’ saved [36642/36642]

--2022-10-12 07:08:32--  https://v2.nl/archive/works/on-a-small-island-in-a-big-island/leadImage/image_view_fullscreen
Reusing existing connection to v2.nl:443.
HTTP request sent, awaiting response... 200 OK
Length: 1192 (1.2K) [text/html]
Saving to: ‘v2.nl/archive/works/on-a-small-island-in-a-big-island/leadImage/image_view_fullscreen.html’

     0K .                                                     100% 9.82M=0s

2022-10-12 07:08:32 (9.82 MB/s) - ‘v2.nl/archive/works/on-a-small-island-in-a-big-island/leadImage/image_view_fullscreen.html’ saved [1192/1192]

--2022-10-12 07:08:32--  https://v2.nl/archive/works/on-a-small-island-in-a-big-island/sendto_form
Reusing existing connection to v2.nl:443.
HTTP request sent, awaiting response... 200 OK
Length: 36722 (36K) [text/html]
Saving to: ‘v2.nl/archive/works/on-a-small-island-in-a-big-island/sendto_form.html’

     0K .......... .......... .......... .....                100% 42.5M=0.001s

2022-10-12 07:08:32 (42.5 MB/s) - ‘v2.nl/archive/works/on-a-small-island-in-a-big-island/sendto_form.html’ saved [36722/36722]

--2022-10-12 07:08:32--  https://v2.nl/archive/works/three-works/sendto_form
Reusing existing connection to v2.nl:443.
HTTP request sent, awaiting response... 200 OK
Length: 36869 (36K) [text/html]
Saving to: ‘v2.nl/archive/works/three-works/sendto_form.html’

     0K .......... .......... .......... ......               100% 46.4M=0.001s

2022-10-12 07:08:32 (46.4 MB/s) - ‘v2.nl/archive/works/three-works/sendto_form.html’ saved [36869/36869]

--2022-10-12 07:08:32--  https://v2.nl/archive/works/untitled-single-channel-video/leadImage/image_view_fullscreen
Reusing existing connection to v2.nl:443.
HTTP request sent, awaiting response... 200 OK
Length: 1172 (1.1K) [text/html]
Saving to: ‘v2.nl/archive/works/untitled-single-channel-video/leadImage/image_view_fullscreen.html’

     0K .                                                     100% 10.6M=0s

2022-10-12 07:08:32 (10.6 MB/s) - ‘v2.nl/archive/works/untitled-single-channel-video/leadImage/image_view_fullscreen.html’ saved [1172/1172]

--2022-10-12 07:08:32--  https://v2.nl/archive/works/untitled-single-channel-video/sendto_form
Reusing existing connection to v2.nl:443.
HTTP request sent, awaiting response... 200 OK
Length: 36615 (36K) [text/html]
Saving to: ‘v2.nl/archive/works/untitled-single-channel-video/sendto_form.html’

     0K .......... .......... .......... .....                100% 43.4M=0.001s

2022-10-12 07:08:32 (43.4 MB/s) - ‘v2.nl/archive/works/untitled-single-channel-video/sendto_form.html’ saved [36615/36615]

--2022-10-12 07:08:32--  https://v2.nl/archive/works/mountains-title-pending/leadImage/image_view_fullscreen
Reusing existing connection to v2.nl:443.
HTTP request sent, awaiting response... 200 OK
Length: 1133 (1.1K) [text/html]
Saving to: ‘v2.nl/archive/works/mountains-title-pending/leadImage/image_view_fullscreen.html’

     0K .                                                     100% 12.1M=0s

2022-10-12 07:08:32 (12.1 MB/s) - ‘v2.nl/archive/works/mountains-title-pending/leadImage/image_view_fullscreen.html’ saved [1133/1133]

--2022-10-12 07:08:32--  https://v2.nl/archive/works/mountains-title-pending/sendto_form
Reusing existing connection to v2.nl:443.
HTTP request sent, awaiting response... 200 OK
Length: 36569 (36K) [text/html]
Saving to: ‘v2.nl/archive/works/mountains-title-pending/sendto_form.html’

     0K .......... .......... .......... .....                100% 45.5M=0.001s

2022-10-12 07:08:33 (45.5 MB/s) - ‘v2.nl/archive/works/mountains-title-pending/sendto_form.html’ saved [36569/36569]

--2022-10-12 07:08:33--  https://v2.nl/archive/works/station-de-stroming/sendto_form
Reusing existing connection to v2.nl:443.
HTTP request sent, awaiting response... 200 OK
Length: 36452 (36K) [text/html]
Saving to: ‘v2.nl/archive/works/station-de-stroming/sendto_form.html’

     0K .......... .......... .......... .....                100% 41.8M=0.001s

2022-10-12 07:08:33 (41.8 MB/s) - ‘v2.nl/archive/works/station-de-stroming/sendto_form.html’ saved [36452/36452]

--2022-10-12 07:08:33--  https://v2.nl/archive/works/the-in-between/leadImage/image_view_fullscreen
Reusing existing connection to v2.nl:443.
HTTP request sent, awaiting response... 200 OK
Length: 1093 (1.1K) [text/html]
Saving to: ‘v2.nl/archive/works/the-in-between/leadImage/image_view_fullscreen.html’

     0K .                                                     100% 23.1M=0s

2022-10-12 07:08:33 (23.1 MB/s) - ‘v2.nl/archive/works/the-in-between/leadImage/image_view_fullscreen.html’ saved [1093/1093]

--2022-10-12 07:08:33--  https://v2.nl/archive/works/the-in-between/sendto_form
Reusing existing connection to v2.nl:443.
HTTP request sent, awaiting response... 200 OK
Length: 36516 (36K) [text/html]
Saving to: ‘v2.nl/archive/works/the-in-between/sendto_form.html’

     0K .......... .......... .......... .....                100% 40.4M=0.001s

2022-10-12 07:08:33 (40.4 MB/s) - ‘v2.nl/archive/works/the-in-between/sendto_form.html’ saved [36516/36516]

--2022-10-12 07:08:33--  https://v2.nl/archive/works/climate-archive/leadImage/image_view_fullscreen
Reusing existing connection to v2.nl:443.
HTTP request sent, awaiting response... 200 OK
Length: 1099 (1.1K) [text/html]
Saving to: ‘v2.nl/archive/works/climate-archive/leadImage/image_view_fullscreen.html’

     0K .                                                     100% 5.26M=0s

2022-10-12 07:08:33 (5.26 MB/s) - ‘v2.nl/archive/works/climate-archive/leadImage/image_view_fullscreen.html’ saved [1099/1099]

--2022-10-12 07:08:33--  https://v2.nl/archive/works/climate-archive/sendto_form
Reusing existing connection to v2.nl:443.
HTTP request sent, awaiting response... 200 OK
Length: 36565 (36K) [text/html]
Saving to: ‘v2.nl/archive/works/climate-archive/sendto_form.html’

     0K .......... .......... .......... .....                100% 34.2M=0.001s

2022-10-12 07:08:33 (34.2 MB/s) - ‘v2.nl/archive/works/climate-archive/sendto_form.html’ saved [36565/36565]

--2022-10-12 07:08:33--  https://v2.nl/archive/works/dissolution-reconstitution-sediment-as-cultural-heritage/sendto_form
Reusing existing connection to v2.nl:443.
HTTP request sent, awaiting response... 200 OK
Length: 36988 (36K) [text/html]
Saving to: ‘v2.nl/archive/works/dissolution-reconstitution-sediment-as-cultural-heritage/sendto_form.html’

     0K .......... .......... .......... ......               100% 1.41M=0.03s

2022-10-12 07:08:34 (1.41 MB/s) - ‘v2.nl/archive/works/dissolution-reconstitution-sediment-as-cultural-heritage/sendto_form.html’ saved [36988/36988]

--2022-10-12 07:08:34--  https://v2.nl/archive/works/drop/leadImage/image_view_fullscreen
Reusing existing connection to v2.nl:443.
HTTP request sent, awaiting response... 200 OK
Length: 1042 (1.0K) [text/html]
Saving to: ‘v2.nl/archive/works/drop/leadImage/image_view_fullscreen.html’

     0K .                                                     100% 7.78M=0s

2022-10-12 07:08:34 (7.78 MB/s) - ‘v2.nl/archive/works/drop/leadImage/image_view_fullscreen.html’ saved [1042/1042]

--2022-10-12 07:08:34--  https://v2.nl/archive/works/drop/sendto_form
Reusing existing connection to v2.nl:443.
HTTP request sent, awaiting response... 200 OK
Length: 36101 (35K) [text/html]
Saving to: ‘v2.nl/archive/works/drop/sendto_form.html’

     0K .......... .......... .......... .....                100% 36.9M=0.001s

2022-10-12 07:08:34 (36.9 MB/s) - ‘v2.nl/archive/works/drop/sendto_form.html’ saved [36101/36101]

--2022-10-12 07:08:34--  https://v2.nl/archive/works/how-to-make-an-ocean
Reusing existing connection to v2.nl:443.
HTTP request sent, awaiting response... 200 OK
Length: 49106 (48K) [text/html]
Saving to: ‘v2.nl/archive/works/how-to-make-an-ocean.html’

     0K .......... .......... .......... .......... .......   100% 4.77M=0.01s

2022-10-12 07:08:34 (4.77 MB/s) - ‘v2.nl/archive/works/how-to-make-an-ocean.html’ saved [49106/49106]

--2022-10-12 07:08:34--  https://v2.nl/archive/works/pier-pressure
Reusing existing connection to v2.nl:443.
HTTP request sent, awaiting response... 200 OK
Length: 51367 (50K) [text/html]
Saving to: ‘v2.nl/archive/works/pier-pressure.html’

     0K .......... .......... .......... .......... .......... 99% 40.4M 0s
    50K                                                       100%  311G=0.001s

2022-10-12 07:08:34 (40.5 MB/s) - ‘v2.nl/archive/works/pier-pressure.html’ saved [51367/51367]

--2022-10-12 07:08:34--  https://v2.nl/archive/works/evanescent
Reusing existing connection to v2.nl:443.
HTTP request sent, awaiting response... 200 OK
Length: 53684 (52K) [text/html]
Saving to: ‘v2.nl/archive/works/evanescent.html’

     0K .......... .......... .......... .......... .......... 95% 37.0M 0s
    50K ..                                                    100% 4.52T=0.001s

2022-10-12 07:08:35 (38.8 MB/s) - ‘v2.nl/archive/works/evanescent.html’ saved [53684/53684]

--2022-10-12 07:08:35--  https://v2.nl/archive/works/you-are-the-source-projection-and-reflection
Reusing existing connection to v2.nl:443.
HTTP request sent, awaiting response... 200 OK
Length: 57153 (56K) [text/html]
Saving to: ‘v2.nl/archive/works/you-are-the-source-projection-and-reflection.html’

     0K .......... .......... .......... .......... .......... 89% 2.25M 0s
    50K .....                                                 100% 69.6M=0.02s

2022-10-12 07:08:35 (2.50 MB/s) - ‘v2.nl/archive/works/you-are-the-source-projection-and-reflection.html’ saved [57153/57153]

--2022-10-12 07:08:35--  https://v2.nl/archive/works/electrons-on-the-threshold
Reusing existing connection to v2.nl:443.
HTTP request sent, awaiting response... 200 OK
Length: 59337 (58K) [text/html]
Saving to: ‘v2.nl/archive/works/electrons-on-the-threshold.html’

     0K .......... .......... .......... .......... .......... 86% 33.3M 0s
    50K .......                                               100% 63.7M=0.002s

2022-10-12 07:08:35 (35.6 MB/s) - ‘v2.nl/archive/works/electrons-on-the-threshold.html’ saved [59337/59337]

--2022-10-12 07:08:35--  https://v2.nl/archive/works/acrobotics
Reusing existing connection to v2.nl:443.
HTTP request sent, awaiting response... 200 OK
Length: 44722 (44K) [text/html]
Saving to: ‘v2.nl/archive/works/acrobotics.html’

     0K .......... .......... .......... .......... ...       100%  444K=0.1s

2022-10-12 07:08:36 (444 KB/s) - ‘v2.nl/archive/works/acrobotics.html’ saved [44722/44722]

--2022-10-12 07:08:36--  https://v2.nl/archive/works/vr-living-in-roffa
Reusing existing connection to v2.nl:443.
HTTP request sent, awaiting response... 200 OK
Length: 43968 (43K) [text/html]
Saving to: ‘v2.nl/archive/works/vr-living-in-roffa.html’

     0K .......... .......... .......... .......... ..        100% 42.7M=0.001s

2022-10-12 07:08:36 (42.7 MB/s) - ‘v2.nl/archive/works/vr-living-in-roffa.html’ saved [43968/43968]

--2022-10-12 07:08:36--  https://v2.nl/archive/works/pound-it
Reusing existing connection to v2.nl:443.
HTTP request sent, awaiting response... 200 OK
Length: 47465 (46K) [text/html]
Saving to: ‘v2.nl/archive/works/pound-it.html’

     0K .......... .......... .......... .......... ......    100%  330K=0.1s

2022-10-12 07:08:37 (330 KB/s) - ‘v2.nl/archive/works/pound-it.html’ saved [47465/47465]

--2022-10-12 07:08:37--  https://v2.nl/archive/works/crypto-opera
Reusing existing connection to v2.nl:443.
HTTP request sent, awaiting response... 200 OK
Length: 50216 (49K) [text/html]
Saving to: ‘v2.nl/archive/works/crypto-opera.html’

     0K .......... .......... .......... .......... ......... 100% 24.6M=0.002s

2022-10-12 07:08:37 (24.6 MB/s) - ‘v2.nl/archive/works/crypto-opera.html’ saved [50216/50216]

--2022-10-12 07:08:37--  https://v2.nl/archive/works/amplified-fencer-movement-i
Reusing existing connection to v2.nl:443.
HTTP request sent, awaiting response... 200 OK
Length: 47618 (47K) [text/html]
Saving to: ‘v2.nl/archive/works/amplified-fencer-movement-i.html’

     0K .......... .......... .......... .......... ......    100% 62.7M=0.001s

2022-10-12 07:08:37 (62.7 MB/s) - ‘v2.nl/archive/works/amplified-fencer-movement-i.html’ saved [47618/47618]

--2022-10-12 07:08:37--  https://v2.nl/archive/works/amplified-fencer
Reusing existing connection to v2.nl:443.
HTTP request sent, awaiting response... 200 OK
Length: 48507 (47K) [text/html]
Saving to: ‘v2.nl/archive/works/amplified-fencer.html’

     0K .......... .......... .......... .......... .......   100%  385K=0.1s

2022-10-12 07:08:38 (385 KB/s) - ‘v2.nl/archive/works/amplified-fencer.html’ saved [48507/48507]

--2022-10-12 07:08:38--  https://v2.nl/archive/works/meditations-from-the-symbiocene
Reusing existing connection to v2.nl:443.
HTTP request sent, awaiting response... 200 OK
Length: 45325 (44K) [text/html]
Saving to: ‘v2.nl/archive/works/meditations-from-the-symbiocene.html’

     0K .......... .......... .......... .......... ....      100% 58.5M=0.001s

2022-10-12 07:08:38 (58.5 MB/s) - ‘v2.nl/archive/works/meditations-from-the-symbiocene.html’ saved [45325/45325]

--2022-10-12 07:08:38--  https://v2.nl/archive/works/object-oriented-choreography
Reusing existing connection to v2.nl:443.
HTTP request sent, awaiting response... 200 OK
Length: 46845 (46K) [text/html]
Saving to: ‘v2.nl/archive/works/object-oriented-choreography.html’

     0K .......... .......... .......... .......... .....     100% 8.28M=0.005s

2022-10-12 07:08:38 (8.28 MB/s) - ‘v2.nl/archive/works/object-oriented-choreography.html’ saved [46845/46845]

--2022-10-12 07:08:38--  https://v2.nl/archive/works/the-locus-of-fear_7
Reusing existing connection to v2.nl:443.
HTTP request sent, awaiting response... 200 OK
Length: 46412 (45K) [text/html]
Saving to: ‘v2.nl/archive/works/the-locus-of-fear_7.html’

     0K .......... .......... .......... .......... .....     100% 45.7M=0.001s

2022-10-12 07:08:39 (45.7 MB/s) - ‘v2.nl/archive/works/the-locus-of-fear_7.html’ saved [46412/46412]

--2022-10-12 07:08:39--  https://v2.nl/archive/works/liminal
Reusing existing connection to v2.nl:443.
HTTP request sent, awaiting response... 200 OK
Length: 44510 (43K) [text/html]
Saving to: ‘v2.nl/archive/works/liminal.html’

     0K .......... .......... .......... .......... ...       100%  792K=0.05s

2022-10-12 07:08:39 (792 KB/s) - ‘v2.nl/archive/works/liminal.html’ saved [44510/44510]

--2022-10-12 07:08:39--  https://v2.nl/archive/works/interventions-a-nigger-in-cyberspace
Reusing existing connection to v2.nl:443.
HTTP request sent, awaiting response... 200 OK
Length: 47546 (46K) [text/html]
Saving to: ‘v2.nl/archive/works/interventions-a-nigger-in-cyberspace.html’

     0K .......... .......... .......... .......... ......    100% 41.8M=0.001s

2022-10-12 07:08:39 (41.8 MB/s) - ‘v2.nl/archive/works/interventions-a-nigger-in-cyberspace.html’ saved [47546/47546]

--2022-10-12 07:08:39--  https://v2.nl/archive/works/forced-mechanics
Reusing existing connection to v2.nl:443.
HTTP request sent, awaiting response... 200 OK
Length: 48043 (47K) [text/html]
Saving to: ‘v2.nl/archive/works/forced-mechanics.html’

     0K .......... .......... .......... .......... ......    100% 4.11M=0.01s

2022-10-12 07:08:40 (4.11 MB/s) - ‘v2.nl/archive/works/forced-mechanics.html’ saved [48043/48043]

--2022-10-12 07:08:40--  https://v2.nl/archive/works/cheering-for-others-makes-you-a-leader
Reusing existing connection to v2.nl:443.
HTTP request sent, awaiting response... 200 OK
Length: 38779 (38K) [text/html]
Saving to: ‘v2.nl/archive/works/cheering-for-others-makes-you-a-leader.html’

     0K .......... .......... .......... .......              100% 48.6M=0.001s

2022-10-12 07:08:40 (48.6 MB/s) - ‘v2.nl/archive/works/cheering-for-others-makes-you-a-leader.html’ saved [38779/38779]

--2022-10-12 07:08:40--  https://v2.nl/archive/works/rosetta-mission-2022
Reusing existing connection to v2.nl:443.
HTTP request sent, awaiting response... 200 OK
Length: 44022 (43K) [text/html]
Saving to: ‘v2.nl/archive/works/rosetta-mission-2022.html’

     0K .......... .......... .......... .......... ..        100% 4.52M=0.009s

2022-10-12 07:08:40 (4.52 MB/s) - ‘v2.nl/archive/works/rosetta-mission-2022.html’ saved [44022/44022]

--2022-10-12 07:08:40--  https://v2.nl/archive/works/divide
Reusing existing connection to v2.nl:443.
HTTP request sent, awaiting response... 200 OK
Length: 43371 (42K) [text/html]
Saving to: ‘v2.nl/archive/works/divide.html’

     0K .......... .......... .......... .......... ..        100% 48.0M=0.001s

2022-10-12 07:08:40 (48.0 MB/s) - ‘v2.nl/archive/works/divide.html’ saved [43371/43371]

--2022-10-12 07:08:40--  https://v2.nl/archive/works/?b_start:int=0
Reusing existing connection to v2.nl:443.
HTTP request sent, awaiting response... 200 OK
Length: 53072 (52K) [text/html]
Saving to: ‘v2.nl/archive/works/index.html?b_start:int=0.html’

     0K .......... .......... .......... .......... .......... 96% 3.25M 0s
    50K .                                                     100% 3.41T=0.02s

2022-10-12 07:08:40 (3.37 MB/s) - ‘v2.nl/archive/works/index.html?b_start:int=0.html’ saved [53072/53072]

--2022-10-12 07:08:40--  https://v2.nl/archive/works/?b_start:int=80
Reusing existing connection to v2.nl:443.
HTTP request sent, awaiting response... 200 OK
Length: 53889 (53K) [text/html]
Saving to: ‘v2.nl/archive/works/index.html?b_start:int=80.html’

     0K .......... .......... .......... .......... .......... 95% 48.1M 0s
    50K ..                                                    100% 4.89T=0.001s

2022-10-12 07:08:41 (50.6 MB/s) - ‘v2.nl/archive/works/index.html?b_start:int=80.html’ saved [53889/53889]

--2022-10-12 07:08:41--  https://v2.nl/archive/works/moving-forward
Reusing existing connection to v2.nl:443.
HTTP request sent, awaiting response... 200 OK
Length: 45491 (44K) [text/html]
Saving to: ‘v2.nl/archive/works/moving-forward.html’

     0K .......... .......... .......... .......... ....      100% 1.76M=0.02s

2022-10-12 07:08:41 (1.76 MB/s) - ‘v2.nl/archive/works/moving-forward.html’ saved [45491/45491]

--2022-10-12 07:08:41--  https://v2.nl/archive/works/field-of-connection
Reusing existing connection to v2.nl:443.
HTTP request sent, awaiting response... 200 OK
Length: 51257 (50K) [text/html]
Saving to: ‘v2.nl/archive/works/field-of-connection.html’

     0K .......... .......... .......... .......... .......... 99% 4.54M 0s
    50K                                                       100%  106G=0.01s

2022-10-12 07:08:41 (4.54 MB/s) - ‘v2.nl/archive/works/field-of-connection.html’ saved [51257/51257]

--2022-10-12 07:08:41--  https://v2.nl/archive/works/void-1
Reusing existing connection to v2.nl:443.
HTTP request sent, awaiting response... 200 OK
Length: 42932 (42K) [text/html]
Saving to: ‘v2.nl/archive/works/void-1.html’

     0K .......... .......... .......... .......... .         100% 7.99M=0.005s

2022-10-12 07:08:41 (7.99 MB/s) - ‘v2.nl/archive/works/void-1.html’ saved [42932/42932]

--2022-10-12 07:08:41--  https://v2.nl/archive/works/aor-200-autonomous-oil-reserve
Reusing existing connection to v2.nl:443.
HTTP request sent, awaiting response... 200 OK
Length: 45687 (45K) [text/html]
Saving to: ‘v2.nl/archive/works/aor-200-autonomous-oil-reserve.html’

     0K .......... .......... .......... .......... ....      100% 37.6M=0.001s

2022-10-12 07:08:42 (37.6 MB/s) - ‘v2.nl/archive/works/aor-200-autonomous-oil-reserve.html’ saved [45687/45687]

--2022-10-12 07:08:42--  https://v2.nl/archive/works/hearing-things
Reusing existing connection to v2.nl:443.
HTTP request sent, awaiting response... 200 OK
Length: 52136 (51K) [text/html]
Saving to: ‘v2.nl/archive/works/hearing-things.html’

     0K .......... .......... .......... .......... .......... 98% 2.64M 0s
    50K                                                       100% 1.70T=0.02s

2022-10-12 07:08:42 (2.68 MB/s) - ‘v2.nl/archive/works/hearing-things.html’ saved [52136/52136]

--2022-10-12 07:08:42--  https://v2.nl/archive/works/push-pull
Reusing existing connection to v2.nl:443.
HTTP request sent, awaiting response... 200 OK
Length: 43932 (43K) [text/html]
Saving to: ‘v2.nl/archive/works/push-pull.html’

     0K .......... .......... .......... .......... ..        100% 35.4M=0.001s

2022-10-12 07:08:42 (35.4 MB/s) - ‘v2.nl/archive/works/push-pull.html’ saved [43932/43932]

--2022-10-12 07:08:42--  https://v2.nl/archive/works/cybersm
Reusing existing connection to v2.nl:443.
HTTP request sent, awaiting response... 200 OK
Length: 44759 (44K) [text/html]
Saving to: ‘v2.nl/archive/works/cybersm.html’

     0K .......... .......... .......... .......... ...       100% 39.1M=0.001s

2022-10-12 07:08:42 (39.1 MB/s) - ‘v2.nl/archive/works/cybersm.html’ saved [44759/44759]

--2022-10-12 07:08:42--  https://v2.nl/archive/works/inter_skin
Reusing existing connection to v2.nl:443.
HTTP request sent, awaiting response... 200 OK
Length: 44586 (44K) [text/html]
Saving to: ‘v2.nl/archive/works/inter_skin.html’

     0K .......... .......... .......... .......... ...       100% 9.26M=0.005s

2022-10-12 07:08:42 (9.26 MB/s) - ‘v2.nl/archive/works/inter_skin.html’ saved [44586/44586]

--2022-10-12 07:08:42--  https://v2.nl/archive/works/soul-calibrator
Reusing existing connection to v2.nl:443.
HTTP request sent, awaiting response... 200 OK
Length: 50393 (49K) [text/html]
Saving to: ‘v2.nl/archive/works/soul-calibrator.html’

     0K .......... .......... .......... .......... ......... 100% 34.3M=0.001s

2022-10-12 07:08:43 (34.3 MB/s) - ‘v2.nl/archive/works/soul-calibrator.html’ saved [50393/50393]

--2022-10-12 07:08:43--  https://v2.nl/archive/works/unconventional-self
Reusing existing connection to v2.nl:443.
HTTP request sent, awaiting response... 200 OK
Length: 53968 (53K) [text/html]
Saving to: ‘v2.nl/archive/works/unconventional-self.html’

     0K .......... .......... .......... .......... .......... 94% 68.1M 0s
    50K ..                                                    100% 5.03T=0.001s

2022-10-12 07:08:43 (71.8 MB/s) - ‘v2.nl/archive/works/unconventional-self.html’ saved [53968/53968]

--2022-10-12 07:08:43--  https://v2.nl/archive/works/metaphoric-optical-viewers-stereoscope
Reusing existing connection to v2.nl:443.
HTTP request sent, awaiting response... 200 OK
Length: 50578 (49K) [text/html]
Saving to: ‘v2.nl/archive/works/metaphoric-optical-viewers-stereoscope.html’

     0K .......... .......... .......... .......... ......... 100% 1.92M=0.03s

2022-10-12 07:08:43 (1.92 MB/s) - ‘v2.nl/archive/works/metaphoric-optical-viewers-stereoscope.html’ saved [50578/50578]

--2022-10-12 07:08:43--  https://v2.nl/archive/works/amazon-noir
Reusing existing connection to v2.nl:443.
HTTP request sent, awaiting response... 200 OK
Length: 57008 (56K) [text/html]
Saving to: ‘v2.nl/archive/works/amazon-noir.html’

     0K .......... .......... .......... .......... .......... 89% 27.3M 0s
    50K .....                                                 100% 36.3M=0.002s

2022-10-12 07:08:44 (28.0 MB/s) - ‘v2.nl/archive/works/amazon-noir.html’ saved [57008/57008]

--2022-10-12 07:08:44--  https://v2.nl/archive/works/chinese-portraitures
Reusing existing connection to v2.nl:443.
HTTP request sent, awaiting response... 200 OK
Length: 52182 (51K) [text/html]
Saving to: ‘v2.nl/archive/works/chinese-portraitures.html’

     0K .......... .......... .......... .......... .......... 98% 2.59M 0s
    50K                                                       100% 1.79T=0.02s

2022-10-12 07:08:44 (2.64 MB/s) - ‘v2.nl/archive/works/chinese-portraitures.html’ saved [52182/52182]

--2022-10-12 07:08:44--  https://v2.nl/archive/works/coexistence
Reusing existing connection to v2.nl:443.
HTTP request sent, awaiting response... 200 OK
Length: 45962 (45K) [text/html]
Saving to: ‘v2.nl/archive/works/coexistence.html’

     0K .......... .......... .......... .......... ....      100% 41.7M=0.001s

2022-10-12 07:08:44 (41.7 MB/s) - ‘v2.nl/archive/works/coexistence.html’ saved [45962/45962]

--2022-10-12 07:08:44--  https://v2.nl/archive/works/death-before-disko-3-1
Reusing existing connection to v2.nl:443.
HTTP request sent, awaiting response... 200 OK
Length: 52063 (51K) [text/html]
Saving to: ‘v2.nl/archive/works/death-before-disko-3-1.html’

     0K .......... .......... .......... .......... .......... 98% 28.8M 0s
    50K                                                       100% 1.57T=0.002s

2022-10-12 07:08:45 (29.3 MB/s) - ‘v2.nl/archive/works/death-before-disko-3-1.html’ saved [52063/52063]

--2022-10-12 07:08:45--  https://v2.nl/archive/works/experiments-in-galvanism
Connecting to v2.nl (v2.nl)|63.35.165.230|:443... connected.
HTTP request sent, awaiting response... 200 OK
Length: 49000 (48K) [text/html]
Saving to: ‘v2.nl/archive/works/experiments-in-galvanism.html’

     0K .......... .......... .......... .......... .......   100% 30.1M=0.002s

2022-10-12 07:08:45 (30.1 MB/s) - ‘v2.nl/archive/works/experiments-in-galvanism.html’ saved [49000/49000]

--2022-10-12 07:08:45--  https://v2.nl/archive/works/go-up-go-up
Reusing existing connection to v2.nl:443.
HTTP request sent, awaiting response... 200 OK
Length: 47327 (46K) [text/html]
Saving to: ‘v2.nl/archive/works/go-up-go-up.html’

     0K .......... .......... .......... .......... ......    100% 10.6M=0.004s

2022-10-12 07:08:45 (10.6 MB/s) - ‘v2.nl/archive/works/go-up-go-up.html’ saved [47327/47327]

--2022-10-12 07:08:45--  https://v2.nl/archive/works/harddisko
Reusing existing connection to v2.nl:443.
HTTP request sent, awaiting response... 200 OK
Length: 49456 (48K) [text/html]
Saving to: ‘v2.nl/archive/works/harddisko.html’

     0K .......... .......... .......... .......... ........  100% 2.79M=0.02s

2022-10-12 07:08:46 (2.79 MB/s) - ‘v2.nl/archive/works/harddisko.html’ saved [49456/49456]

--2022-10-12 07:08:46--  https://v2.nl/archive/works/knife-hand-chop-bot
Reusing existing connection to v2.nl:443.
HTTP request sent, awaiting response... 200 OK
Length: 49636 (48K) [text/html]
Saving to: ‘v2.nl/archive/works/knife-hand-chop-bot.html’

     0K .......... .......... .......... .......... ........  100% 1.82M=0.03s

2022-10-12 07:08:46 (1.82 MB/s) - ‘v2.nl/archive/works/knife-hand-chop-bot.html’ saved [49636/49636]

--2022-10-12 07:08:46--  https://v2.nl/archive/works/lowest-resolution
Reusing existing connection to v2.nl:443.
HTTP request sent, awaiting response... 200 OK
Length: 47038 (46K) [text/html]
Saving to: ‘v2.nl/archive/works/lowest-resolution.html’

     0K .......... .......... .......... .......... .....     100% 48.3M=0.001s

2022-10-12 07:08:46 (48.3 MB/s) - ‘v2.nl/archive/works/lowest-resolution.html’ saved [47038/47038]

--2022-10-12 07:08:46--  https://v2.nl/archive/works/?b_start:int=100
Reusing existing connection to v2.nl:443.
HTTP request sent, awaiting response... 200 OK
Length: 53186 (52K) [text/html]
Saving to: ‘v2.nl/archive/works/index.html?b_start:int=100.html’

     0K .......... .......... .......... .......... .......... 96% 41.8M 0s
    50K .                                                     100% 3.61T=0.001s

2022-10-12 07:08:46 (43.4 MB/s) - ‘v2.nl/archive/works/index.html?b_start:int=100.html’ saved [53186/53186]

--2022-10-12 07:08:46--  https://v2.nl/archive/works/morphing-machinery
Reusing existing connection to v2.nl:443.
HTTP request sent, awaiting response... 200 OK
Length: 51014 (50K) [text/html]
Saving to: ‘v2.nl/archive/works/morphing-machinery.html’

     0K .......... .......... .......... .......... ......... 100% 42.4M=0.001s

2022-10-12 07:08:46 (42.4 MB/s) - ‘v2.nl/archive/works/morphing-machinery.html’ saved [51014/51014]

--2022-10-12 07:08:46--  https://v2.nl/archive/works/roots
Reusing existing connection to v2.nl:443.
HTTP request sent, awaiting response... 200 OK
Length: 54368 (53K) [text/html]
Saving to: ‘v2.nl/archive/works/roots.html’

     0K .......... .......... .......... .......... .......... 94% 32.2M 0s
    50K ...                                                   100% 5.76T=0.002s

2022-10-12 07:08:46 (34.2 MB/s) - ‘v2.nl/archive/works/roots.html’ saved [54368/54368]

--2022-10-12 07:08:46--  https://v2.nl/archive/works/surrounded
Reusing existing connection to v2.nl:443.
HTTP request sent, awaiting response... 200 OK
Length: 50108 (49K) [text/html]
Saving to: ‘v2.nl/archive/works/surrounded.html’

     0K .......... .......... .......... .......... ........  100% 39.4M=0.001s

2022-10-12 07:08:46 (39.4 MB/s) - ‘v2.nl/archive/works/surrounded.html’ saved [50108/50108]

--2022-10-12 07:08:46--  https://v2.nl/archive/works/world-wide-ensemble
Reusing existing connection to v2.nl:443.
HTTP request sent, awaiting response... 200 OK
Length: 53526 (52K) [text/html]
Saving to: ‘v2.nl/archive/works/world-wide-ensemble.html’

     0K .......... .......... .......... .......... .......... 95% 40.9M 0s
    50K ..                                                    100% 4.23T=0.001s

2022-10-12 07:08:47 (42.7 MB/s) - ‘v2.nl/archive/works/world-wide-ensemble.html’ saved [53526/53526]

--2022-10-12 07:08:47--  https://v2.nl/archive/works/relaxing-on-the-waves
Reusing existing connection to v2.nl:443.
HTTP request sent, awaiting response... 200 OK
Length: 44371 (43K) [text/html]
Saving to: ‘v2.nl/archive/works/relaxing-on-the-waves.html’

     0K .......... .......... .......... .......... ...       100% 44.0M=0.001s

2022-10-12 07:08:47 (44.0 MB/s) - ‘v2.nl/archive/works/relaxing-on-the-waves.html’ saved [44371/44371]

--2022-10-12 07:08:47--  https://v2.nl/archive/works/an-absurdist-archive-of-isolation-a-full-body-workout-radioplay
Reusing existing connection to v2.nl:443.
HTTP request sent, awaiting response... 200 OK
Length: 44485 (43K) [text/html]
Saving to: ‘v2.nl/archive/works/an-absurdist-archive-of-isolation-a-full-body-workout-radioplay.html’

     0K .......... .......... .......... .......... ...       100% 37.3M=0.001s

2022-10-12 07:08:47 (37.3 MB/s) - ‘v2.nl/archive/works/an-absurdist-archive-of-isolation-a-full-body-workout-radioplay.html’ saved [44485/44485]

--2022-10-12 07:08:47--  https://v2.nl/archive/works/ghost-frequency-episode-27
Reusing existing connection to v2.nl:443.
HTTP request sent, awaiting response... 200 OK
Length: 44447 (43K) [text/html]
Saving to: ‘v2.nl/archive/works/ghost-frequency-episode-27.html’

     0K .......... .......... .......... .......... ...       100% 35.1M=0.001s

2022-10-12 07:08:47 (35.1 MB/s) - ‘v2.nl/archive/works/ghost-frequency-episode-27.html’ saved [44447/44447]

--2022-10-12 07:08:47--  https://v2.nl/archive/works/spectral-plain
Reusing existing connection to v2.nl:443.
HTTP request sent, awaiting response... 200 OK
Length: 62653 (61K) [text/html]
Saving to: ‘v2.nl/archive/works/spectral-plain.html’

     0K .......... .......... .......... .......... .......... 81% 37.4M 0s
    50K .......... .                                          100% 88.7M=0.001s

2022-10-12 07:08:47 (41.8 MB/s) - ‘v2.nl/archive/works/spectral-plain.html’ saved [62653/62653]

--2022-10-12 07:08:47--  https://v2.nl/archive/works/film-by-sami-hammana
Reusing existing connection to v2.nl:443.
HTTP request sent, awaiting response... 200 OK
Length: 50360 (49K) [text/html]
Saving to: ‘v2.nl/archive/works/film-by-sami-hammana.html’

     0K .......... .......... .......... .......... ......... 100% 46.7M=0.001s

2022-10-12 07:08:47 (46.7 MB/s) - ‘v2.nl/archive/works/film-by-sami-hammana.html’ saved [50360/50360]

--2022-10-12 07:08:47--  https://v2.nl/archive/works/an-invitation-to-dance
Reusing existing connection to v2.nl:443.
HTTP request sent, awaiting response... 200 OK
Length: 55088 (54K) [text/html]
Saving to: ‘v2.nl/archive/works/an-invitation-to-dance.html’

     0K .......... .......... .......... .......... .......... 92% 25.5M 0s
    50K ...                                                   100% 7.07T=0.002s

2022-10-12 07:08:47 (27.4 MB/s) - ‘v2.nl/archive/works/an-invitation-to-dance.html’ saved [55088/55088]

--2022-10-12 07:08:47--  https://v2.nl/archive/works/gravicells
Reusing existing connection to v2.nl:443.
HTTP request sent, awaiting response... 200 OK
Length: 57891 (57K) [text/html]
Saving to: ‘v2.nl/archive/works/gravicells.html’

     0K .......... .......... .......... .......... .......... 88% 22.5M 0s
    50K ......                                                100% 72.0M=0.002s

2022-10-12 07:08:47 (24.5 MB/s) - ‘v2.nl/archive/works/gravicells.html’ saved [57891/57891]

--2022-10-12 07:08:47--  https://v2.nl/archive/works/pareidolia
Reusing existing connection to v2.nl:443.
HTTP request sent, awaiting response... 200 OK
Length: 50019 (49K) [text/html]
Saving to: ‘v2.nl/archive/works/pareidolia.html’

     0K .......... .......... .......... .......... ........  100% 33.5M=0.001s

2022-10-12 07:08:48 (33.5 MB/s) - ‘v2.nl/archive/works/pareidolia.html’ saved [50019/50019]

--2022-10-12 07:08:48--  https://v2.nl/archive/works/ciclos-1
Reusing existing connection to v2.nl:443.
HTTP request sent, awaiting response... 200 OK
Length: 46968 (46K) [text/html]
Saving to: ‘v2.nl/archive/works/ciclos-1.html’

     0K .......... .......... .......... .......... .....     100% 54.6M=0.001s

2022-10-12 07:08:48 (54.6 MB/s) - ‘v2.nl/archive/works/ciclos-1.html’ saved [46968/46968]

--2022-10-12 07:08:48--  https://v2.nl/archive/works/fragments
Reusing existing connection to v2.nl:443.
HTTP request sent, awaiting response... 200 OK
Length: 48245 (47K) [text/html]
Saving to: ‘v2.nl/archive/works/fragments.html’

     0K .......... .......... .......... .......... .......   100% 36.2M=0.001s

2022-10-12 07:08:48 (36.2 MB/s) - ‘v2.nl/archive/works/fragments.html’ saved [48245/48245]

--2022-10-12 07:08:48--  https://v2.nl/archive/works/the-daily-climate-show-willemskade
Reusing existing connection to v2.nl:443.
HTTP request sent, awaiting response... 200 OK
Length: 47187 (46K) [text/html]
Saving to: ‘v2.nl/archive/works/the-daily-climate-show-willemskade.html’

     0K .......... .......... .......... .......... ......    100% 38.3M=0.001s

2022-10-12 07:08:48 (38.3 MB/s) - ‘v2.nl/archive/works/the-daily-climate-show-willemskade.html’ saved [47187/47187]

--2022-10-12 07:08:48--  https://v2.nl/archive/works/sites-of-encounter
Reusing existing connection to v2.nl:443.
HTTP request sent, awaiting response... 200 OK
Length: 46594 (46K) [text/html]
Saving to: ‘v2.nl/archive/works/sites-of-encounter.html’

     0K .......... .......... .......... .......... .....     100% 37.4M=0.001s

2022-10-12 07:08:48 (37.4 MB/s) - ‘v2.nl/archive/works/sites-of-encounter.html’ saved [46594/46594]

--2022-10-12 07:08:48--  https://v2.nl/archive/works/rolling-landscapes
Reusing existing connection to v2.nl:443.
HTTP request sent, awaiting response... 200 OK
Length: 46299 (45K) [text/html]
Saving to: ‘v2.nl/archive/works/rolling-landscapes.html’

     0K .......... .......... .......... .......... .....     100% 39.1M=0.001s

2022-10-12 07:08:48 (39.1 MB/s) - ‘v2.nl/archive/works/rolling-landscapes.html’ saved [46299/46299]

--2022-10-12 07:08:48--  https://v2.nl/archive/works/portrait-of-meta-citizens
Reusing existing connection to v2.nl:443.
HTTP request sent, awaiting response... 200 OK
Length: 49339 (48K) [text/html]
Saving to: ‘v2.nl/archive/works/portrait-of-meta-citizens.html’

     0K .......... .......... .......... .......... ........  100% 50.8M=0.001s

2022-10-12 07:08:48 (50.8 MB/s) - ‘v2.nl/archive/works/portrait-of-meta-citizens.html’ saved [49339/49339]

--2022-10-12 07:08:48--  https://v2.nl/archive/works/a-whisper-in-hagley-woods
Reusing existing connection to v2.nl:443.
HTTP request sent, awaiting response... 200 OK
Length: 43673 (43K) [text/html]
Saving to: ‘v2.nl/archive/works/a-whisper-in-hagley-woods.html’

     0K .......... .......... .......... .......... ..        100% 44.1M=0.001s

2022-10-12 07:08:48 (44.1 MB/s) - ‘v2.nl/archive/works/a-whisper-in-hagley-woods.html’ saved [43673/43673]

--2022-10-12 07:08:48--  https://v2.nl/archive/works/in-search-of-un-mediated-particularities-of-communicative-space
Reusing existing connection to v2.nl:443.
HTTP request sent, awaiting response... 200 OK
Length: 45508 (44K) [text/html]
Saving to: ‘v2.nl/archive/works/in-search-of-un-mediated-particularities-of-communicative-space.html’

     0K .......... .......... .......... .......... ....      100% 62.5M=0.001s

2022-10-12 07:08:48 (62.5 MB/s) - ‘v2.nl/archive/works/in-search-of-un-mediated-particularities-of-communicative-space.html’ saved [45508/45508]

--2022-10-12 07:08:48--  https://v2.nl/archive/works/?b_start:int=120
Reusing existing connection to v2.nl:443.
HTTP request sent, awaiting response... 200 OK
Length: 53996 (53K) [text/html]
Saving to: ‘v2.nl/archive/works/index.html?b_start:int=120.html’

     0K .......... .......... .......... .......... .......... 94% 51.2M 0s
    50K ..                                                    100% 5.09T=0.001s

2022-10-12 07:08:48 (54.0 MB/s) - ‘v2.nl/archive/works/index.html?b_start:int=120.html’ saved [53996/53996]

--2022-10-12 07:08:48--  https://v2.nl/archive/works/fluidiom
Reusing existing connection to v2.nl:443.
HTTP request sent, awaiting response... 200 OK
Length: 38314 (37K) [text/html]
Saving to: ‘v2.nl/archive/works/fluidiom.html’

     0K .......... .......... .......... .......              100% 52.9M=0.001s

2022-10-12 07:08:48 (52.9 MB/s) - ‘v2.nl/archive/works/fluidiom.html’ saved [38314/38314]

--2022-10-12 07:08:48--  https://v2.nl/archive/works/theremin
Reusing existing connection to v2.nl:443.
HTTP request sent, awaiting response... 200 OK
Length: 38457 (38K) [text/html]
Saving to: ‘v2.nl/archive/works/theremin.html’

     0K .......... .......... .......... .......              100% 38.1M=0.001s

2022-10-12 07:08:49 (38.1 MB/s) - ‘v2.nl/archive/works/theremin.html’ saved [38457/38457]

--2022-10-12 07:08:49--  https://v2.nl/archive/works/twilight-of-the-second-hand
Reusing existing connection to v2.nl:443.
HTTP request sent, awaiting response... 200 OK
Length: 46879 (46K) [text/html]
Saving to: ‘v2.nl/archive/works/twilight-of-the-second-hand.html’

     0K .......... .......... .......... .......... .....     100% 51.3M=0.001s

2022-10-12 07:08:49 (51.3 MB/s) - ‘v2.nl/archive/works/twilight-of-the-second-hand.html’ saved [46879/46879]

--2022-10-12 07:08:49--  https://v2.nl/archive/works/observerobject
Reusing existing connection to v2.nl:443.
HTTP request sent, awaiting response... 200 OK
Length: 81074 (79K) [text/html]
Saving to: ‘v2.nl/archive/works/observerobject.html’

     0K .......... .......... .......... .......... .......... 63% 19.1M 0s
    50K .......... .......... .........                       100% 3.14M=0.01s

2022-10-12 07:08:49 (6.64 MB/s) - ‘v2.nl/archive/works/observerobject.html’ saved [81074/81074]

--2022-10-12 07:08:49--  https://v2.nl/archive/works/tele_trust
Reusing existing connection to v2.nl:443.
HTTP request sent, awaiting response... 200 OK
Length: 63503 (62K) [text/html]
Saving to: ‘v2.nl/archive/works/tele_trust.html’

     0K .......... .......... .......... .......... .......... 80% 10.8M 0s
    50K .......... ..                                         100% 92.0M=0.005s

2022-10-12 07:08:49 (13.0 MB/s) - ‘v2.nl/archive/works/tele_trust.html’ saved [63503/63503]

--2022-10-12 07:08:49--  https://v2.nl/archive/works/v205
Reusing existing connection to v2.nl:443.
HTTP request sent, awaiting response... 200 OK
Length: 51105 (50K) [text/html]
Saving to: ‘v2.nl/archive/works/v205.html’

     0K .......... .......... .......... .......... ......... 100% 37.9M=0.001s

2022-10-12 07:08:49 (37.9 MB/s) - ‘v2.nl/archive/works/v205.html’ saved [51105/51105]

--2022-10-12 07:08:49--  https://v2.nl/archive/works/dark-matter
Reusing existing connection to v2.nl:443.
HTTP request sent, awaiting response... 200 OK
Length: 44343 (43K) [text/html]
Saving to: ‘v2.nl/archive/works/dark-matter.html’

     0K .......... .......... .......... .......... ...       100% 52.0M=0.001s

2022-10-12 07:08:49 (52.0 MB/s) - ‘v2.nl/archive/works/dark-matter.html’ saved [44343/44343]

--2022-10-12 07:08:49--  https://v2.nl/archive/works/?b_start:int=980
Reusing existing connection to v2.nl:443.
HTTP request sent, awaiting response... 200 OK
Length: 53773 (53K) [text/html]
Saving to: ‘v2.nl/archive/works/index.html?b_start:int=980.html’

     0K .......... .......... .......... .......... .......... 95% 4.23M 0s
    50K ..                                                    100% 4.68T=0.01s

2022-10-12 07:08:49 (4.44 MB/s) - ‘v2.nl/archive/works/index.html?b_start:int=980.html’ saved [53773/53773]

--2022-10-12 07:08:49--  https://v2.nl/archive/works/?b_start:int=940
Reusing existing connection to v2.nl:443.
HTTP request sent, awaiting response... 200 OK
Length: 53687 (52K) [text/html]
Saving to: ‘v2.nl/archive/works/index.html?b_start:int=940.html’

     0K .......... .......... .......... .......... .......... 95% 47.9M 0s
    50K ..                                                    100% 4.52T=0.001s

2022-10-12 07:08:49 (50.2 MB/s) - ‘v2.nl/archive/works/index.html?b_start:int=940.html’ saved [53687/53687]

--2022-10-12 07:08:49--  https://v2.nl/archive/works/?b_start:int=960
Reusing existing connection to v2.nl:443.
HTTP request sent, awaiting response... 200 OK
Length: 53947 (53K) [text/html]
Saving to: ‘v2.nl/archive/works/index.html?b_start:int=960.html’

     0K .......... .......... .......... .......... .......... 94% 30.7M 0s
    50K ..                                                    100% 5.00T=0.002s

2022-10-12 07:08:49 (32.4 MB/s) - ‘v2.nl/archive/works/index.html?b_start:int=960.html’ saved [53947/53947]

--2022-10-12 07:08:49--  https://v2.nl/archive/works/aggregator/organization/contact
Reusing existing connection to v2.nl:443.
HTTP request sent, awaiting response... 200 OK
Length: 33234 (32K) [text/html]
Saving to: ‘v2.nl/archive/works/aggregator/organization/contact.html’

     0K .......... .......... .......... ..                   100% 6.97M=0.005s

2022-10-12 07:08:49 (6.97 MB/s) - ‘v2.nl/archive/works/aggregator/organization/contact.html’ saved [33234/33234]

--2022-10-12 07:08:49--  https://v2.nl/archive/works/organization/organization/contact
Reusing existing connection to v2.nl:443.
HTTP request sent, awaiting response... 200 OK
Length: 33238 (32K) [text/html]
Saving to: ‘v2.nl/archive/works/organization/organization/contact.html’

     0K .......... .......... .......... ..                   100% 13.3M=0.002s

2022-10-12 07:08:49 (13.3 MB/s) - ‘v2.nl/archive/works/organization/organization/contact.html’ saved [33238/33238]

FINISHED --2022-10-12 07:08:49--
Total wall clock time: 28s
Downloaded: 139 files, 5.5M in 0.9s (6.05 MB/s)
Converting links in v2.nl/archive/works/capturing-unstable-media.html... 12.
9-3
Converting links in v2.nl/archive/works/index.html?b_start:int=40.html... 100.
55-45
Converting links in v2.nl/archive/works/experiments-in-galvanism.html... 10.
7-3
Converting links in v2.nl/archive/works/2b-sorry-we-missed-you.html... 11.
8-3
Converting links in v2.nl/archive/works/mountains-title-pending/sendto_form.html... 7.
3-4
Converting links in v2.nl/archive/works/ghost-frequency-episode-27.html... 8.
5-3
Converting links in v2.nl/archive/works/drop/sendto_form.html... 7.
3-4
Converting links in v2.nl/archive/works/portrait-of-meta-citizens.html... 9.
6-3
Converting links in v2.nl/archive/works/cheering-for-others-makes-you-a-leader.html... 6.
3-3
Converting links in v2.nl/archive/works/roots.html... 10.
7-3
Converting links in v2.nl/archive/works/climate-archive/sendto_form.html... 7.
3-4
Converting links in v2.nl/archive/works/index.html?b_start:int=940.html... 57.
12-45
Converting links in v2.nl/archive/works/organization/organization/contact.html... 6.
2-4
Converting links in v2.nl/archive/works/climate-archive/leadImage/image_view_fullscreen.html... 1.
1-0
Converting links in v2.nl/archive/works/metaphoric-optical-viewers-stereoscope.html... 10.
7-3
Converting links in v2.nl/archive/works/cybersm.html... 9.
6-3
Converting links in v2.nl/archive/works/ciclos-1.html... 9.
6-3
Converting links in v2.nl/archive/works/interventions-a-nigger-in-cyberspace.html... 8.
5-3
Converting links in v2.nl/archive/works/twilight-of-the-second-hand.html... 8.
5-3
Converting links in v2.nl/archive/works/world-wide-ensemble.html... 11.
8-3
Converting links in v2.nl/archive/works/moving-forward.html... 9.
6-3
Converting links in v2.nl/archive/works/aggregator/organization/contact.html... 6.
2-4
Converting links in v2.nl/archive/works/2b-sorry-we-missed-you/leadImage/image_view_fullscreen.html... 1.
1-0
Converting links in v2.nl/archive/works/station-de-stroming/sendto_form.html... 7.
3-4
Converting links in v2.nl/archive/works/crypto-opera.html... 8.
5-3
Converting links in v2.nl/archive/works/organization/contact.html... 6.
3-3
Converting links in v2.nl/archive/works/drop.html... 11.
8-3
Converting links in v2.nl/archive/works/unconventional-self.html... 10.
7-3
Converting links in v2.nl/archive/works/index.html?b_start:int=100.html... 60.
15-45
Converting links in v2.nl/archive/works/rosetta-mission-2022.html... 8.
5-3
Converting links in v2.nl/archive/works/of-all-places-the-best-nights-were-found-in-the-garden-of-old-ladies/sendto_form.html... 7.
3-4
Converting links in v2.nl/archive/works/dark-matter.html... 10.
5-5
Converting links in v2.nl/archive/works/on-a-small-island-in-a-big-island/sendto_form.html... 7.
3-4
Converting links in v2.nl/archive/works/death-before-disko-3-1.html... 11.
8-3
Converting links in v2.nl/archive/works/sites-of-encounter.html... 9.
6-3
Converting links in v2.nl/archive/works/rixt-van-t-oerd/leadImage/image_view_fullscreen.html... 1.
1-0
Converting links in v2.nl/archive/works/garden-title-pending.html... 11.
8-3
Converting links in v2.nl/archive/works/rixt-van-t-oerd/sendto_form.html... 7.
3-4
Converting links in v2.nl/archive/works/observerobject.html... 11.
7-4
Converting links in v2.nl/archive/works/acrobotics.html... 8.
5-3
Converting links in v2.nl/archive/works/climate-archive.html... 11.
8-3
Converting links in v2.nl/archive/works/index.html... 97.
52-45
Converting links in v2.nl/archive/works/the-in-between.html... 11.
8-3
Converting links in v2.nl/archive/works/dissolution-reconstitution-sediment-as-cultural-heritage.html... 11.
8-3
Converting links in v2.nl/archive/works/the-locus-of-fear_7.html... 9.
6-3
Converting links in v2.nl/archive/works/residual-light-beneath-the-floating-land/sendto_form.html... 7.
3-4
Converting links in v2.nl/archive/works/gravicells.html... 11.
8-3
Converting links in v2.nl/archive/works/fragments.html... 9.
6-3
Converting links in v2.nl/archive/works/2b-sorry-we-missed-you/sendto_form.html... 7.
3-4
Converting links in v2.nl/archive/works/index.html?b_start:int=20.html... 99.
54-45
Converting links in v2.nl/archive/works/hearing-things.html... 9.
6-3
Converting links in v2.nl/archive/works/harddisko.html... 10.
7-3
Converting links in v2.nl/archive/works/amplified-fencer.html... 11.
8-3
Converting links in v2.nl/archive/works/food-forest-fantasies/sendto_form.html... 7.
3-4
Converting links in v2.nl/archive/works/rixt-van-t-oerd.html... 11.
8-3
Converting links in v2.nl/archive/works/food-forest-fantasies.html... 12.
9-3
Converting links in v2.nl/archive/works/amazon-noir.html... 10.
7-3
Converting links in v2.nl/archive/works/drop/leadImage/image_view_fullscreen.html... 1.
1-0
Converting links in v2.nl/archive/works/of-all-places-the-best-nights-were-found-in-the-garden-of-old-ladies.html... 11.
8-3
Converting links in v2.nl/archive/works/untitled-single-channel-video/leadImage/image_view_fullscreen.html... 1.
1-0
Converting links in v2.nl/archive/works/you-are-the-source-projection-and-reflection.html... 9.
6-3
Converting links in v2.nl/archive/works/does-the-sun-shine-in-argentina/leadImage/image_view_fullscreen.html... 1.
1-0
Converting links in v2.nl/archive/works/divide.html... 8.
5-3
Converting links in v2.nl/archive/works/dissolution-reconstitution-sediment-as-cultural-heritage/sendto_form.html... 7.
3-4
Converting links in v2.nl/archive/works/relaxing-on-the-waves.html... 8.
5-3
Converting links in v2.nl/archive/works/residual-light-beneath-the-floating-land/leadImage/image_view_fullscreen.html... 1.
1-0
Converting links in v2.nl/archive/works/pound-it.html... 8.
5-3
Converting links in v2.nl/archive/works/an-invitation-to-dance.html... 9.
6-3
Converting links in v2.nl/archive/works/meditations-from-the-symbiocene.html... 8.
5-3
Converting links in v2.nl/archive/works/push-pull.html... 8.
5-3
Converting links in v2.nl/archive/works/brug.html... 10.
7-3
Converting links in v2.nl/archive/works/on-a-small-island-in-a-big-island/leadImage/image_view_fullscreen.html... 1.
1-0
Converting links in v2.nl/archive/works/an-absurdist-archive-of-isolation-a-full-body-workout-radioplay.html... 8.
5-3
Converting links in v2.nl/archive/works/station-de-stroming.html... 10.
7-3
Converting links in v2.nl/archive/works/amplified-fencer-movement-i.html... 11.
8-3
Converting links in v2.nl/archive/works/immortal-game/sendto_form.html... 7.
3-4
Converting links in v2.nl/archive/works/untitled-single-channel-video.html... 11.
8-3
Converting links in v2.nl/archive/works/in-search-of-un-mediated-particularities-of-communicative-space.html... 8.
5-3
Converting links in v2.nl/archive/works/surrounded.html... 10.
7-3
Converting links in v2.nl/archive/works/pareidolia.html... 10.
7-3
Converting links in v2.nl/archive/works/tele_trust.html... 11.
8-3
Converting links in v2.nl/archive/works/immortal-game.html... 10.
7-3
Converting links in v2.nl/archive/works/liminal.html... 8.
5-3
Converting links in v2.nl/archive/works/spectral-plain.html... 9.
6-3
Converting links in v2.nl/archive/works/index.html?b_start:int=1000.html... 71.
26-45
Converting links in v2.nl/archive/works/morphing-machinery.html... 9.
6-3
Converting links in v2.nl/archive/works/a-whisper-in-hagley-woods.html... 8.
5-3
Converting links in v2.nl/archive/works/capturing-unstable-media/leadImage/image_view_fullscreen.html... 1.
1-0
Converting links in v2.nl/archive/works/slices-of-dust/sendto_form.html... 7.
3-4
Converting links in v2.nl/archive/works/index.html?b_start:int=980.html... 58.
13-45
Converting links in v2.nl/archive/works/vr-living-in-roffa.html... 8.
5-3
Converting links in v2.nl/archive/works/the-in-between/leadImage/image_view_fullscreen.html... 1.
1-0
Converting links in v2.nl/archive/works/index.html?b_start:int=960.html... 58.
13-45
Converting links in v2.nl/archive/works/residual-light-beneath-the-floating-land.html... 11.
8-3
Converting links in v2.nl/archive/works/electrons-on-the-threshold.html... 10.
7-3
Converting links in v2.nl/archive/works/garden-title-pending/sendto_form.html... 7.
3-4
Converting links in v2.nl/archive/works/field-of-connection.html... 10.
7-3
Converting links in v2.nl/archive/works/fluidiom.html... 6.
3-3
Converting links in v2.nl/archive/works/theremin.html... 6.
3-3
Converting links in v2.nl/archive/works/three-works.html... 10.
7-3
Converting links in v2.nl/archive/works/three-works/sendto_form.html... 7.
3-4
Converting links in v2.nl/archive/works/aggregator/sendto_form.html... 8.
5-3
Converting links in v2.nl/archive/works/mountains-title-pending/leadImage/image_view_fullscreen.html... 1.
1-0
Converting links in v2.nl/archive/works/knife-hand-chop-bot.html... 10.
7-3
Converting links in v2.nl/archive/works/mountains-title-pending.html... 11.
8-3
Converting links in v2.nl/archive/works/slices-of-dust/leadImage/image_view_fullscreen.html... 1.
1-0
Converting links in v2.nl/archive/works/does-the-sun-shine-in-argentina.html... 11.
8-3
Converting links in v2.nl/archive/works/v205.html... 12.
7-5
Converting links in v2.nl/archive/works/film-by-sami-hammana.html... 10.
7-3
Converting links in v2.nl/archive/works/index.html?b_start:int=0.html... 97.
52-45
Converting links in v2.nl/archive/works/the-daily-climate-show-willemskade.html... 9.
6-3
Converting links in v2.nl/archive/works/lowest-resolution.html... 10.
7-3
Converting links in v2.nl/archive/works/index.html?b_start:int=120.html... 58.
13-45
Converting links in v2.nl/archive/works/go-up-go-up.html... 9.
6-3
Converting links in v2.nl/archive/works/chinese-portraitures.html... 10.
7-3
Converting links in v2.nl/archive/works/aor-200-autonomous-oil-reserve.html... 8.
5-3
Converting links in v2.nl/archive/works/the-in-between/sendto_form.html... 7.
3-4
Converting links in v2.nl/archive/works/object-oriented-choreography.html... 8.
5-3
Converting links in v2.nl/archive/works/garden-title-pending/leadImage/image_view_fullscreen.html... 1.
1-0
Converting links in v2.nl/archive/works/coexistence.html... 9.
6-3
Converting links in v2.nl/archive/works/inter_skin.html... 9.
6-3
Converting links in v2.nl/archive/works/pier-pressure.html... 10.
7-3
Converting links in v2.nl/archive/works/evanescent.html... 9.
6-3
Converting links in v2.nl/archive/works/how-to-make-an-ocean.html... 8.
5-3
Converting links in v2.nl/archive/works/on-a-small-island-in-a-big-island.html... 11.
8-3
Converting links in v2.nl/archive/works/brug/sendto_form.html... 7.
3-4
Converting links in v2.nl/archive/works/untitled-single-channel-video/sendto_form.html... 7.
3-4
Converting links in v2.nl/archive/works/capturing-unstable-media/sendto_form.html... 7.
3-4
Converting links in v2.nl/archive/works/forced-mechanics.html... 8.
5-3
Converting links in v2.nl/archive/works/rolling-landscapes.html... 9.
6-3
Converting links in v2.nl/archive/works/void-1.html... 8.
5-3
Converting links in v2.nl/archive/works/of-all-places-the-best-nights-were-found-in-the-garden-of-old-ladies/leadImage/image_view_fullscreen.html... 1.
1-0
Converting links in v2.nl/archive/works/soul-calibrator.html... 9.
6-3
Converting links in v2.nl/archive/works/slices-of-dust.html... 11.
8-3
Converting links in v2.nl/archive/works/does-the-sun-shine-in-argentina/sendto_form.html... 7.
3-4
Converting links in v2.nl/archive/works/index.html?b_start:int=80.html... 61.
16-45
Converting links in v2.nl/archive/works/index.html?b_start:int=60.html... 101.
56-45
Converted links in 137 files in 0.1 seconds.
